0 info it worked if it ends with ok
1 verbose cli [ 'C:\\Program Files\\nodejs\\node.exe',
1 verbose cli   'C:\\Users\\Saikat\\AppData\\Roaming\\npm\\node_modules\\npm\\bin\\npm-cli.js',
1 verbose cli   'run',
1 verbose cli   'prod-build' ]
2 info using npm@3.10.3
3 info using node@v8.1.2
4 verbose run-script [ 'preprod-build', 'prod-build', 'postprod-build' ]
5 info lifecycle webpackbasics@1.0.0~preprod-build: webpackbasics@1.0.0
6 silly lifecycle webpackbasics@1.0.0~preprod-build: no script for preprod-build, continuing
7 info lifecycle webpackbasics@1.0.0~prod-build: webpackbasics@1.0.0
8 verbose lifecycle webpackbasics@1.0.0~prod-build: unsafe-perm in lifecycle true
9 verbose lifecycle webpackbasics@1.0.0~prod-build: PATH: C:\Users\Saikat\AppData\Roaming\npm\node_modules\npm\bin\node-gyp-bin;D:\Tutorial\My Project\webpackbasics\node_modules\.bin;C:\Program Files\nodejs;C:\Users\Saikat\bin;C:\Program Files\Git\mingw32\bin;C:\Program Files\Git\usr\local\bin;C:\Program Files\Git\usr\bin;C:\Program Files\Git\usr\bin;C:\Program Files\Git\mingw32\bin;C:\Program Files\Git\usr\bin;C:\Users\Saikat\bin;C:\ProgramData\Oracle\Java\javapath;C:\Windows\system32;C:\Windows;C:\Windows\System32\Wbem;C:\Windows\System32\WindowsPowerShell\v1.0;C:\Program Files\Java\jdk1.7.0_79\bin;D:\Eclipse-Android-SDK-ADT\adt-bundle-windows-x86-20140702\sdk\platform-tools;D:\Eclipse-Android-SDK-ADT\adt-bundle-windows-x86-20140702\sdk\tools;C:\apache-ant-1.9.4\bin;C:\Program Files\Tomcat8\bin;C:\Program Files\Git\cmd;C:\Program Files\Skype\Phone;C:\Program Files\nodejs;C:\Program Files\Java\jdk1.6.0_45\bin;D:\Eclipse-Android-SDK-ADT\adt-bundle-windows-x86-20140702\sdk\platform-tools;D:\Eclipse-Android-SDK-ADT\adt-bundle-windows-x86-20140702\sdk\tools;C:\apache-ant-1.9.4\bin;%ANT_HOME%\bin;C:\Program Files\Java\jdk1.6.0_45\bin;C:\Users\Saikat\AppData\Roaming\npm;C:\Program Files\Git\usr\bin\vendor_perl;C:\Program Files\Git\usr\bin\core_perl
10 verbose lifecycle webpackbasics@1.0.0~prod-build: CWD: D:\Tutorial\My Project\webpackbasics
11 silly lifecycle webpackbasics@1.0.0~prod-build: Args: [ '/d /s /c',
11 silly lifecycle   'webpack --config webpack-production.config.js -p' ]
12 silly lifecycle webpackbasics@1.0.0~prod-build: Returned: code: 1  signal: null
13 info lifecycle webpackbasics@1.0.0~prod-build: Failed to exec prod-build script
14 verbose stack Error: webpackbasics@1.0.0 prod-build: `webpack --config webpack-production.config.js -p`
14 verbose stack Exit status 1
14 verbose stack     at EventEmitter.<anonymous> (C:\Users\Saikat\AppData\Roaming\npm\node_modules\npm\lib\utils\lifecycle.js:242:16)
14 verbose stack     at emitTwo (events.js:125:13)
14 verbose stack     at EventEmitter.emit (events.js:213:7)
14 verbose stack     at ChildProcess.<anonymous> (C:\Users\Saikat\AppData\Roaming\npm\node_modules\npm\lib\utils\spawn.js:40:14)
14 verbose stack     at emitTwo (events.js:125:13)
14 verbose stack     at ChildProcess.emit (events.js:213:7)
14 verbose stack     at maybeClose (internal/child_process.js:897:16)
14 verbose stack     at Process.ChildProcess._handle.onexit (internal/child_process.js:208:5)
15 verbose pkgid webpackbasics@1.0.0
16 verbose cwd D:\Tutorial\My Project\webpackbasics
17 error Windows_NT 6.1.7601
18 error argv "C:\\Program Files\\nodejs\\node.exe" "C:\\Users\\Saikat\\AppData\\Roaming\\npm\\node_modules\\npm\\bin\\npm-cli.js" "run" "prod-build"
19 error node v8.1.2
20 error npm  v3.10.3
21 error code ELIFECYCLE
22 error webpackbasics@1.0.0 prod-build: `webpack --config webpack-production.config.js -p`
22 error Exit status 1
23 error Failed at the webpackbasics@1.0.0 prod-build script 'webpack --config webpack-production.config.js -p'.
23 error Make sure you have the latest version of node.js and npm installed.
23 error If you do, this is most likely a problem with the webpackbasics package,
23 error not with npm itself.
23 error Tell the author that this fails on your system:
23 error     webpack --config webpack-production.config.js -p
23 error You can get information on how to open an issue for this project with:
23 error     npm bugs webpackbasics
23 error Or if that isn't available, you can get their info via:
23 error     npm owner ls webpackbasics
23 error There is likely additional logging output above.
24 verbose exit [ 1, true ]
